<?xml version="1.0" encoding="UTF-8"?>
<testsuite name="agh.ii.prinjava.lst00_01.CalcTest" tests="1" skipped="0" failures="0" errors="0" timestamp="2022-03-09T10:01:41" hostname="DESKTOP-4E8L259" time="0.022">
  <properties/>
  <testcase name="onePlusTwoIsThree()" classname="agh.ii.prinjava.lst00_01.CalcTest" time="0.022"/>
  <system-out><![CDATA[Calcset.setUp...
Calcset.tearDown...
]]></system-out>
  <system-err><![CDATA[]]></system-err>
</testsuite>
